[2024-09-27 15:56:05.285] [info] Using configuration file /home/clutch/.config/hypr/waybar/waybar-1/config.jsonc
[2024-09-27 15:56:05.287] [info] Unable to receive desktop appearance: GDBus.Error:org.freedesktop.DBus.Error.UnknownMethod: No such interface “org.freedesktop.portal.Settings” on object at path /org/freedesktop/portal/desktop
[2024-09-27 15:56:05.287] [info] Using CSS file /home/clutch/.config/hypr/waybar/waybar-1/style.css
[2024-09-27 15:56:05.291] [info] Hyprland IPC starting
[2024-09-27 15:56:05.291] [info] Loading persistent workspaces from Waybar config
[2024-09-27 15:56:05.291] [info] Loading persistent workspaces from Hyprland workspace rules
[2024-09-27 15:56:05.310] [info] Bar configured (width: 1600, height: 40) for output: HDMI-A-1

** (waybar:17229): WARNING **: 15:56:05.313: Status Notifier Item with bus name ':1.61' and object path '/org/ayatana/NotificationItem/nm_applet' is already registered

** (waybar:17229): WARNING **: 15:56:07.010: Status Notifier Item with bus name ':1.61' and object path '/org/ayatana/NotificationItem/nm_applet' is already registered

(process:17322): Helpers.IconFetcher-WARNING **: 15:56:14.422: Failed to load image: Failed to open file “2to3-3.12”: No such file or directory

(waybar:17229): LIBDBUSMENU-GLIB-WARNING **: 16:02:26.819: Unable to replace properties on 0: Error getting properties for ID

(waybar:17229): LIBDBUSMENU-GLIB-WARNING **: 16:02:28.917: Unable to replace properties on 0: Error getting properties for ID

(waybar:17229): LIBDBUSMENU-GLIB-WARNING **: 16:05:35.962: Unable to replace properties on 0: Error getting properties for ID

(waybar:17229): LIBDBUSMENU-GLIB-WARNING **: 16:05:38.067: Unable to replace properties on 0: Error getting properties for ID

(waybar:17229): LIBDBUSMENU-GLIB-WARNING **: 16:05:39.169: Unable to replace properties on 0: Error getting properties for ID

(waybar:17229): LIBDBUSMENU-GLIB-WARNING **: 16:05:39.371: Unable to replace properties on 0: Error getting properties for ID

(waybar:17229): LIBDBUSMENU-GLIB-WARNING **: 16:05:40.180: Unable to replace properties on 0: Error getting properties for ID

(waybar:17229): LIBDBUSMENU-GLIB-WARNING **: 16:08:39.125: Unable to replace properties on 0: Error getting properties for ID

(waybar:17229): LIBDBUSMENU-GLIB-WARNING **: 16:08:41.243: Unable to replace properties on 0: Error getting properties for ID
[2024-09-27 17:29:58.529] [info] Hyprland config reloaded, reinitializing hyprland/workspaces module...
[2024-09-27 17:29:58.553] [info] Loading persistent workspaces from Waybar config
[2024-09-27 17:29:58.554] [info] Loading persistent workspaces from Hyprland workspace rules

(waybar:17229): LIBDBUSMENU-GLIB-WARNING **: 17:53:38.409: Unable to replace properties on 0: Error getting properties for ID

(waybar:17229): LIBDBUSMENU-GLIB-WARNING **: 18:29:20.225: Unable to replace properties on 0: Error getting properties for ID

(waybar:17229): LIBDBUSMENU-GLIB-WARNING **: 18:29:20.522: Unable to replace properties on 0: Error getting properties for ID

(waybar:17229): LIBDBUSMENU-GLIB-WARNING **: 18:29:20.647: Unable to replace properties on 0: Error getting properties for ID

(waybar:17229): LIBDBUSMENU-GLIB-WARNING **: 18:33:36.101: Unable to replace properties on 0: Error getting properties for ID

(waybar:17229): LIBDBUSMENU-GLIB-WARNING **: 18:34:56.622: Unable to replace properties on 0: Error getting properties for ID

(waybar:17229): LIBDBUSMENU-GLIB-WARNING **: 18:35:17.255: Unable to replace properties on 0: Error getting properties for ID

(waybar:17229): LIBDBUSMENU-GLIB-WARNING **: 18:35:17.352: Unable to replace properties on 0: Error getting properties for ID

(waybar:17229): LIBDBUSMENU-GLIB-WARNING **: 18:35:19.960: Unable to replace properties on 0: Error getting properties for ID

(waybar:17229): LIBDBUSMENU-GLIB-WARNING **: 18:40:11.587: Unable to replace properties on 0: Error getting properties for ID

(waybar:17229): LIBDBUSMENU-GLIB-WARNING **: 18:46:20.306: Unable to replace properties on 0: Error getting properties for ID

(waybar:17229): LIBDBUSMENU-GLIB-WARNING **: 18:46:20.829: Unable to replace properties on 0: Error getting properties for ID

(waybar:17229): LIBDBUSMENU-GLIB-WARNING **: 18:46:21.504: Unable to replace properties on 0: Error getting properties for ID

(waybar:17229): LIBDBUSMENU-GLIB-WARNING **: 18:55:34.010: Unable to replace properties on 0: Error getting properties for ID

(waybar:17229): LIBDBUSMENU-GLIB-WARNING **: 18:56:50.272: Unable to replace properties on 0: Error getting properties for ID

(waybar:17229): LIBDBUSMENU-GLIB-WARNING **: 18:56:50.272: Unable to replace properties on 3407872: Error getting properties for ID

(waybar:17229): LIBDBUSMENU-GLIB-WARNING **: 18:56:50.272: Unable to replace properties on 3473408: Error getting properties for ID

(waybar:17229): LIBDBUSMENU-GLIB-WARNING **: 18:56:50.272: Unable to replace properties on 3866624: Error getting properties for ID

(waybar:17229): LIBDBUSMENU-GLIB-WARNING **: 18:56:50.366: Unable to replace properties on 0: Error getting properties for ID

(waybar:17229): LIBDBUSMENU-GLIB-WARNING **: 18:56:50.554: Unable to replace properties on 0: Error getting properties for ID

(waybar:17229): LIBDBUSMENU-GLIB-WARNING **: 18:56:51.054: Unable to replace properties on 0: Error getting properties for ID

(waybar:17229): LIBDBUSMENU-GLIB-WARNING **: 19:00:20.692: Unable to replace properties on 0: Error getting properties for ID

(waybar:17229): LIBDBUSMENU-GLIB-WARNING **: 19:02:57.848: Unable to replace properties on 0: Error getting properties for ID

(waybar:17229): LIBDBUSMENU-GLIB-WARNING **: 19:02:58.131: Unable to replace properties on 0: Error getting properties for ID

(waybar:17229): LIBDBUSMENU-GLIB-WARNING **: 19:02:58.630: Unable to replace properties on 0: Error getting properties for ID
[2024-09-27 19:04:45.039] [info] Hyprland config reloaded, reinitializing hyprland/workspaces module...
[2024-09-27 19:04:45.058] [info] Loading persistent workspaces from Waybar config
[2024-09-27 19:04:45.058] [info] Loading persistent workspaces from Hyprland workspace rules

** (waybar:17229): WARNING **: 19:05:34.610: Status Notifier Item with bus name ':1.61' and object path '/org/ayatana/NotificationItem/nm_applet' is already registered

** (waybar:17229): WARNING **: 19:07:03.080: Status Notifier Item with bus name ':1.61' and object path '/org/ayatana/NotificationItem/nm_applet' is already registered

(waybar:17229): LIBDBUSMENU-GLIB-WARNING **: 19:23:35.434: Unable to replace properties on 0: Error getting properties for ID

(waybar:17229): LIBDBUSMENU-GLIB-WARNING **: 19:23:37.540: Unable to replace properties on 0: Error getting properties for ID

(waybar:17229): LIBDBUSMENU-GLIB-WARNING **: 19:45:21.711: Unable to replace properties on 0: Error getting properties for ID

(waybar:17229): LIBDBUSMENU-GLIB-WARNING **: 19:46:07.972: Unable to replace properties on 0: Error getting properties for ID

(waybar:17229): LIBDBUSMENU-GLIB-WARNING **: 19:46:08.978: Unable to replace properties on 0: Error getting properties for ID

(waybar:17229): LIBDBUSMENU-GLIB-WARNING **: 19:46:11.880: Unable to replace properties on 0: Error getting properties for ID

(waybar:17229): LIBDBUSMENU-GLIB-WARNING **: 19:46:33.534: Unable to replace properties on 0: Error getting properties for ID

(waybar:17229): LIBDBUSMENU-GLIB-WARNING **: 19:46:33.633: Unable to replace properties on 0: Error getting properties for ID

(waybar:17229): LIBDBUSMENU-GLIB-WARNING **: 19:46:36.846: Unable to replace properties on 0: Error getting properties for ID

(waybar:17229): LIBDBUSMENU-GLIB-WARNING **: 19:46:37.443: Unable to replace properties on 0: Error getting properties for ID

(waybar:17229): LIBDBUSMENU-GLIB-WARNING **: 19:53:50.134: Unable to replace properties on 0: Error getting properties for ID

(waybar:17229): LIBDBUSMENU-GLIB-WARNING **: 19:53:52.042: Unable to replace properties on 0: Error getting properties for ID

(waybar:17229): LIBDBUSMENU-GLIB-WARNING **: 19:53:55.754: Unable to replace properties on 0: Error getting properties for ID

(waybar:17229): LIBDBUSMENU-GLIB-WARNING **: 19:53:56.061: Unable to replace properties on 0: Error getting properties for ID

(waybar:17229): LIBDBUSMENU-GLIB-WARNING **: 19:53:56.463: Unable to replace properties on 0: Error getting properties for ID

(waybar:17229): LIBDBUSMENU-GLIB-WARNING **: 19:53:56.559: Unable to replace properties on 0: Error getting properties for ID

(waybar:17229): LIBDBUSMENU-GLIB-WARNING **: 20:04:37.326: Unable to replace properties on 0: Error getting properties for ID

(waybar:17229): LIBDBUSMENU-GLIB-WARNING **: 20:12:55.600: Unable to replace properties on 0: Error getting properties for ID

(waybar:17229): LIBDBUSMENU-GLIB-WARNING **: 20:12:56.100: Unable to replace properties on 0: Error getting properties for ID

(waybar:17229): LIBDBUSMENU-GLIB-WARNING **: 20:13:03.012: Unable to replace properties on 0: Error getting properties for ID

(waybar:17229): LIBDBUSMENU-GLIB-WARNING **: 20:13:04.016: Unable to replace properties on 0: Error getting properties for ID

(waybar:17229): LIBDBUSMENU-GLIB-WARNING **: 20:13:06.118: Unable to replace properties on 0: Error getting properties for ID

(waybar:17229): LIBDBUSMENU-GLIB-WARNING **: 20:13:06.521: Unable to replace properties on 0: Error getting properties for ID

(waybar:17229): LIBDBUSMENU-GLIB-WARNING **: 20:13:06.621: Unable to replace properties on 0: Error getting properties for ID

(waybar:17229): LIBDBUSMENU-GLIB-WARNING **: 20:27:47.067: Unable to replace properties on 0: Error getting properties for ID

** (waybar:17229): WARNING **: 20:28:26.234: Status Notifier Item with bus name ':1.61' and object path '/org/ayatana/NotificationItem/nm_applet' is already registered

(waybar:17229): LIBDBUSMENU-GLIB-WARNING **: 20:28:30.845: Unable to replace properties on 0: Error getting properties for ID

(waybar:17229): LIBDBUSMENU-GLIB-WARNING **: 20:28:30.947: Unable to replace properties on 0: Error getting properties for ID

(waybar:17229): LIBDBUSMENU-GLIB-WARNING **: 20:28:31.346: Unable to replace properties on 0: Error getting properties for ID

(waybar:17229): LIBDBUSMENU-GLIB-WARNING **: 20:28:51.091: Unable to replace properties on 0: Error getting properties for ID

(waybar:17229): LIBDBUSMENU-GLIB-WARNING **: 20:38:21.173: Unable to replace properties on 0: Error getting properties for ID

(waybar:17229): LIBDBUSMENU-GLIB-WARNING **: 20:38:24.784: Unable to replace properties on 0: Error getting properties for ID

(waybar:17229): LIBDBUSMENU-GLIB-WARNING **: 20:43:27.227: Unable to replace properties on 0: Error getting properties for ID

(waybar:17229): LIBDBUSMENU-GLIB-WARNING **: 20:43:27.821: Unable to replace properties on 0: Error getting properties for ID

(waybar:17229): LIBDBUSMENU-GLIB-WARNING **: 20:43:27.918: Unable to replace properties on 0: Error getting properties for ID

(waybar:17229): LIBDBUSMENU-GLIB-WARNING **: 20:43:39.549: Unable to replace properties on 0: Error getting properties for ID

(waybar:17229): LIBDBUSMENU-GLIB-WARNING **: 20:43:39.647: Unable to replace properties on 0: Error getting properties for ID

(waybar:17229): LIBDBUSMENU-GLIB-WARNING **: 20:51:30.348: Unable to replace properties on 0: Error getting properties for ID

** (waybar:17229): WARNING **: 21:08:52.457: Status Notifier Item with bus name ':1.61' and object path '/org/ayatana/NotificationItem/nm_applet' is already registered

** (waybar:17229): WARNING **: 21:09:05.309: Status Notifier Item with bus name ':1.61' and object path '/org/ayatana/NotificationItem/nm_applet' is already registered

** (waybar:17229): WARNING **: 21:09:08.359: Status Notifier Item with bus name ':1.61' and object path '/org/ayatana/NotificationItem/nm_applet' is already registered

** (waybar:17229): WARNING **: 21:09:49.432: Status Notifier Item with bus name ':1.61' and object path '/org/ayatana/NotificationItem/nm_applet' is already registered

** (waybar:17229): WARNING **: 21:11:24.830: Status Notifier Item with bus name ':1.61' and object path '/org/ayatana/NotificationItem/nm_applet' is already registered

** (waybar:17229): WARNING **: 21:11:25.844: Status Notifier Item with bus name ':1.61' and object path '/org/ayatana/NotificationItem/nm_applet' is already registered

** (waybar:17229): WARNING **: 21:13:17.135: Status Notifier Item with bus name ':1.61' and object path '/org/ayatana/NotificationItem/nm_applet' is already registered

** (waybar:17229): WARNING **: 21:13:20.314: Status Notifier Item with bus name ':1.61' and object path '/org/ayatana/NotificationItem/nm_applet' is already registered

(waybar:17229): LIBDBUSMENU-GLIB-WARNING **: 21:13:34.516: Unable to replace properties on 0: Error getting properties for ID

(waybar:17229): LIBDBUSMENU-GLIB-WARNING **: 21:13:42.750: Unable to replace properties on 0: Error getting properties for ID

(waybar:17229): LIBDBUSMENU-GLIB-WARNING **: 21:13:42.846: Unable to replace properties on 0: Error getting properties for ID

(waybar:17229): LIBDBUSMENU-GLIB-WARNING **: 21:31:06.519: Unable to replace properties on 0: Error getting properties for ID
Gdk-Message: 07:06:12.476: Error reading events from display: Broken pipe
